info: Microsoft.AspNetCore.DataProtection.KeyManagement.XmlKeyManager[UsingProfileAsKeyRepositoryWithDPAPI] @ 2024-06-19T12:25:47.8927513+05:30
      User profile is available. Using 'C:\Users\vivek\AppData\Local\ASP.NET\DataProtection-Keys' as key repository and Windows DPAPI to encrypt keys at rest.
info: Microsoft.Hosting.Lifetime[0] @ 2024-06-19T12:25:52.1496254+05:30
      Application started. Press Ctrl+C to shut down.
info: Microsoft.Hosting.Lifetime[0] @ 2024-06-19T12:25:52.1506516+05:30
      Hosting environment: Development
info: Microsoft.Hosting.Lifetime[0] @ 2024-06-19T12:25:52.1507570+05:30
      Content root path: D:\work\piHIRE\PiHire.o\PiHire.API
info: Microsoft.AspNetCore.Hosting.Diagnostics[1] @ 2024-06-19T12:25:52.2469857+05:30
      Request starting HTTP/1.1 GET http://localhost:64821/swagger/index.html - -
warn: Microsoft.AspNetCore.HttpsPolicy.HttpsRedirectionMiddleware[FailedToDeterminePort] @ 2024-06-19T12:25:52.7916468+05:30
      Failed to determine the https port for redirect.
info: Microsoft.AspNetCore.Hosting.Diagnostics[2] @ 2024-06-19T12:25:54.4138273+05:30
      Request finished HTTP/1.1 GET http://localhost:64821/swagger/index.html - - - 200 - text/html;charset=utf-8 2169.3100ms
info: Microsoft.AspNetCore.Hosting.Diagnostics[1] @ 2024-06-19T12:25:54.4976972+05:30
      Request starting HTTP/1.1 GET http://localhost:64821/_framework/aspnetcore-browser-refresh.js - -
info: Microsoft.AspNetCore.Hosting.Diagnostics[1] @ 2024-06-19T12:25:54.5041741+05:30
      Request starting HTTP/1.1 GET http://localhost:64821/_vs/browserLink - -
info: Microsoft.AspNetCore.Hosting.Diagnostics[2] @ 2024-06-19T12:25:54.5110575+05:30
      Request finished HTTP/1.1 GET http://localhost:64821/_framework/aspnetcore-browser-refresh.js - - - 200 13756 application/javascript;+charset=utf-8 12.7301ms
info: Microsoft.AspNetCore.Hosting.Diagnostics[2] @ 2024-06-19T12:25:54.6515569+05:30
      Request finished HTTP/1.1 GET http://localhost:64821/_vs/browserLink - - - 200 - text/javascript;+charset=UTF-8 147.3679ms
info: Microsoft.AspNetCore.Hosting.Diagnostics[1] @ 2024-06-19T12:25:54.7195155+05:30
      Request starting HTTP/1.1 GET http://localhost:64821/swagger/v1/swagger.json - -
info: Microsoft.AspNetCore.Hosting.Diagnostics[2] @ 2024-06-19T12:25:55.2934701+05:30
      Request finished HTTP/1.1 GET http://localhost:64821/swagger/v1/swagger.json - - - 200 - application/json;charset=utf-8 573.8752ms
info: Microsoft.AspNetCore.Hosting.Diagnostics[1] @ 2024-06-19T12:26:09.2855040+05:30
      Request starting HTTP/1.1 GET http://localhost:64821/api/v1/Blogs - -
info: Microsoft.AspNetCore.Authorization.DefaultAuthorizationService[UserAuthorizationFailed] @ 2024-06-19T12:26:09.3245271+05:30
      Authorization failed. These requirements were not met:
      DenyAnonymousAuthorizationRequirement: Requires an authenticated user.
info: Microsoft.AspNetCore.Authentication.JwtBearer.JwtBearerHandler[AuthenticationSchemeChallenged] @ 2024-06-19T12:26:09.3327755+05:30
      AuthenticationScheme: Bearer was challenged.
info: Microsoft.AspNetCore.Hosting.Diagnostics[2] @ 2024-06-19T12:26:09.3362418+05:30
      Request finished HTTP/1.1 GET http://localhost:64821/api/v1/Blogs - - - 401 - - 50.7098ms
info: Microsoft.AspNetCore.Hosting.Diagnostics[1] @ 2024-06-19T12:26:30.9406655+05:30
      Request starting HTTP/1.1 GET http://localhost:64821/api/v1/Blogs - -
info: Microsoft.AspNetCore.Authentication.JwtBearer.JwtBearerHandler[TokenValidationSucceeded] @ 2024-06-19T12:26:31.4690119+05:30
      Successfully validated the token.
info: Microsoft.AspNetCore.Routing.EndpointMiddleware[ExecutingEndpoint] @ 2024-06-19T12:26:31.4823297+05:30
      Executing endpoint 'PiHire.API.Controllers.BlogsController.BlogsList (PiHire.API)'
info: Microsoft.AspNetCore.Mvc.Infrastructure.ControllerActionInvoker[ControllerActionExecuting] @ 2024-06-19T12:26:31.5222612+05:30
      Route matched with {action = "BlogsList", controller = "Blogs"}. Executing controller action with signature System.Threading.Tasks.Task`1[Microsoft.AspNetCore.Mvc.IActionResult] BlogsList() on controller PiHire.API.Controllers.BlogsController (PiHire.API).
warn: Microsoft.EntityFrameworkCore.Model.Validation[Microsoft.EntityFrameworkCore.Model.Validation.DecimalTypeDefaultWarning] @ 2024-06-19T12:26:36.8803184+05:30
      No store type was specified for the decimal property 'MaxSalary' on entity type 'CandidateActiveJobModel'. This will cause values to be silently truncated if they do not fit in the default precision and scale. Explicitly specify the SQL server column type that can accommodate all the values in 'OnModelCreating' using 'HasColumnType', specify precision and scale using 'HasPrecision', or configure a value converter using 'HasConversion'.
warn: Microsoft.EntityFrameworkCore.Model.Validation[Microsoft.EntityFrameworkCore.Model.Validation.DecimalTypeDefaultWarning] @ 2024-06-19T12:26:36.8817537+05:30
      No store type was specified for the decimal property 'MinSalary' on entity type 'CandidateActiveJobModel'. This will cause values to be silently truncated if they do not fit in the default precision and scale. Explicitly specify the SQL server column type that can accommodate all the values in 'OnModelCreating' using 'HasColumnType', specify precision and scale using 'HasPrecision', or configure a value converter using 'HasConversion'.
warn: Microsoft.EntityFrameworkCore.Model.Validation[Microsoft.EntityFrameworkCore.Model.Validation.DecimalTypeDefaultWarning] @ 2024-06-19T12:26:36.8819742+05:30
      No store type was specified for the decimal property 'Evaluation' on entity type 'CandidatesViewModel'. This will cause values to be silently truncated if they do not fit in the default precision and scale. Explicitly specify the SQL server column type that can accommodate all the values in 'OnModelCreating' using 'HasColumnType', specify precision and scale using 'HasPrecision', or configure a value converter using 'HasConversion'.
warn: Microsoft.EntityFrameworkCore.Model.Validation[Microsoft.EntityFrameworkCore.Model.Validation.DecimalTypeDefaultWarning] @ 2024-06-19T12:26:36.8820937+05:30
      No store type was specified for the decimal property 'SelfRating' on entity type 'CandidatesViewModel'. This will cause values to be silently truncated if they do not fit in the default precision and scale. Explicitly specify the SQL server column type that can accommodate all the values in 'OnModelCreating' using 'HasColumnType', specify precision and scale using 'HasPrecision', or configure a value converter using 'HasConversion'.
warn: Microsoft.EntityFrameworkCore.Model.Validation[Microsoft.EntityFrameworkCore.Model.Validation.DecimalTypeDefaultWarning] @ 2024-06-19T12:26:36.8825334+05:30
      No store type was specified for the decimal property 'Evaluation' on entity type 'JobCandidatesBasedOnProfileStatusViewModel'. This will cause values to be silently truncated if they do not fit in the default precision and scale. Explicitly specify the SQL server column type that can accommodate all the values in 'OnModelCreating' using 'HasColumnType', specify precision and scale using 'HasPrecision', or configure a value converter using 'HasConversion'.
warn: Microsoft.EntityFrameworkCore.Model.Validation[Microsoft.EntityFrameworkCore.Model.Validation.DecimalTypeDefaultWarning] @ 2024-06-19T12:26:36.8827047+05:30
      No store type was specified for the decimal property 'SelfRating' on entity type 'JobCandidatesBasedOnProfileStatusViewModel'. This will cause values to be silently truncated if they do not fit in the default precision and scale. Explicitly specify the SQL server column type that can accommodate all the values in 'OnModelCreating' using 'HasColumnType', specify precision and scale using 'HasPrecision', or configure a value converter using 'HasConversion'.
warn: Microsoft.EntityFrameworkCore.Model.Validation[Microsoft.EntityFrameworkCore.Model.Validation.DecimalTypeDefaultWarning] @ 2024-06-19T12:26:36.8828721+05:30
      No store type was specified for the decimal property 'Evaluation' on entity type 'JobCandidatesViewModel'. This will cause values to be silently truncated if they do not fit in the default precision and scale. Explicitly specify the SQL server column type that can accommodate all the values in 'OnModelCreating' using 'HasColumnType', specify precision and scale using 'HasPrecision', or configure a value converter using 'HasConversion'.
warn: Microsoft.EntityFrameworkCore.Model.Validation[Microsoft.EntityFrameworkCore.Model.Validation.DecimalTypeDefaultWarning] @ 2024-06-19T12:26:36.8830385+05:30
      No store type was specified for the decimal property 'SelfRating' on entity type 'JobCandidatesViewModel'. This will cause values to be silently truncated if they do not fit in the default precision and scale. Explicitly specify the SQL server column type that can accommodate all the values in 'OnModelCreating' using 'HasColumnType', specify precision and scale using 'HasPrecision', or configure a value converter using 'HasConversion'.
info: Microsoft.EntityFrameworkCore.Database.Command[Microsoft.EntityFrameworkCore.Database.Command.CommandExecuted] @ 2024-06-19T12:26:41.4900750+05:30
      Executed DbCommand (136ms) [Parameters=[], CommandType='Text', CommandTimeout='30']
      SELECT [p].[AuthorName], [p].[BlogShortDesc], [p].[BlogDesc], [p].[BlogPic], [p].[CreatedDate], [p].[Title], [p].[Status], [p].[Tags], [p].[ID] AS [Id]
      FROM [PH_BLOGS] AS [p]
      WHERE [p].[Status] <> CAST(5 AS tinyint)
info: Microsoft.AspNetCore.Mvc.Infrastructure.ObjectResultExecutor[ObjectResultExecuting] @ 2024-06-19T12:26:41.7106052+05:30
      Executing OkObjectResult, writing value of type 'PiHire.BAL.ViewModels.ApiBaseModels.GetResponseViewModel`1[[System.Collections.Generic.List`1[[PiHire.BAL.ViewModels.BlogsModel, PiHire.BAL, Version=1.0.0.0, Culture=neutral, PublicKeyToken=null]], System.Private.CoreLib, Version=7.0.0.0, Culture=neutral, PublicKeyToken=7cec85d7bea7798e]]'.
info: Microsoft.AspNetCore.Mvc.Infrastructure.ControllerActionInvoker[ActionExecuted] @ 2024-06-19T12:26:41.8601295+05:30
      Executed action PiHire.API.Controllers.BlogsController.BlogsList (PiHire.API) in 10323.7506ms
info: Microsoft.AspNetCore.Routing.EndpointMiddleware[ExecutedEndpoint] @ 2024-06-19T12:26:41.8631791+05:30
      Executed endpoint 'PiHire.API.Controllers.BlogsController.BlogsList (PiHire.API)'
info: Microsoft.AspNetCore.Hosting.Diagnostics[2] @ 2024-06-19T12:26:41.8927750+05:30
      Request finished HTTP/1.1 GET http://localhost:64821/api/v1/Blogs - - - 200 139909 application/json;+charset=utf-8 10952.0978ms
